<?xml version="1.0" encoding="UTF-8"?>
<!-- Generated by org.testng.reporters.JUnitReportReporter -->
<testsuite skipped="0" hostname="BDC4-L-5465DLY" name="cucumber_lateral_practice_test.SeleniumTest" tests="3" failures="0" timestamp="13 Apr 2018 06:49:15 GMT" time="21.530" errors="0">
  <testcase name="signup" time="9.659" classname="cucumber_lateral_practice_test.SeleniumTest"/>
  <testcase name="login" time="2.580" classname="cucumber_lateral_practice_test.SeleniumTest"/>
  <testcase name="cart" time="9.291" classname="cucumber_lateral_practice_test.SeleniumTest"/>
</testsuite> <!-- cucumber_lateral_practice_test.SeleniumTest -->
